0 info it worked if it ends with ok
1 verbose cli [ 'C:\\Program Files\\nodejs\\node.exe',
1 verbose cli   'C:\\Program Files\\nodejs\\node_modules\\npm\\bin\\npm-cli.js',
1 verbose cli   'start' ]
2 info using npm@4.0.5
3 info using node@v7.4.0
4 verbose run-script [ 'prestart', 'start', 'poststart' ]
5 info lifecycle angular2-webpack-starter@6.0.0~prestart: angular2-webpack-starter@6.0.0
6 silly lifecycle angular2-webpack-starter@6.0.0~prestart: no script for prestart, continuing
7 info lifecycle angular2-webpack-starter@6.0.0~start: angular2-webpack-starter@6.0.0
8 verbose lifecycle angular2-webpack-starter@6.0.0~start: unsafe-perm in lifecycle true
9 verbose lifecycle angular2-webpack-starter@6.0.0~start: PATH: C:\Program Files\nodejs\node_modules\npm\bin\node-gyp-bin;D:\ENTORNO_LIMPIO\angular-starter-master\node_modules\.bin;C:\ProgramData\Oracle\Java\javapath;c:\Program Files (x86)\Intel\iCLS Client\;c:\Program Files\Intel\iCLS Client\;C:\Windows\system32;C:\Windows;C:\Windows\System32\Wbem;C:\Windows\System32\WindowsPowerShell\v1.0\;C:\Program Files\Intel\Intel(R) Management Engine Components\DAL;C:\Program Files\Intel\Intel(R) Management Engine Components\IPT;C:\Program Files (x86)\Intel\Intel(R) Management Engine Components\DAL;C:\Program Files (x86)\Intel\Intel(R) Management Engine Components\IPT;C:\oracle\bin;C:\Program Files\TortoiseSVN\bin;C:\Program Files (x86)\Sybase\Shared\PowerBuilder;C:\Program Files (x86)\Sybase\PowerBuilder 11.5;C:\Windows\Microsoft.NET\Framework\v2.0.50727;C:\Program Files\Java\jdk1.8.0_25\bin;C:\Program Files (x86)\Adobe\Adobe Flash Builder 4 Plug-in\sdks\4.5.1\bin;C:\Program Files (x86)\Adobe\Adobe Flash Builder 4 Plug-in\sdks\4.5.1\bin;D:\ant\apache-ant-1.9.4\bin;D:\maven\apache-maven-3.0.3\bin;C:\Program Files\Microsoft SQL Server\130\Tools\Binn\;C:\Program Files\CloudFoundry;C:\Program Files\nodejs\;C:\Program Files (x86)\Git\cmd;;C:\Program Files (x86)\CrSSL\bin;C:\Users\avillarc\AppData\Roaming\npm;C:\Program Files (x86)\Microsoft VS Code\bin
10 verbose lifecycle angular2-webpack-starter@6.0.0~start: CWD: D:\ENTORNO_LIMPIO\angular-starter-master
11 silly lifecycle angular2-webpack-starter@6.0.0~start: Args: [ '/d /s /c', 'npm run server:dev' ]
12 silly lifecycle angular2-webpack-starter@6.0.0~start: Returned: code: 3221225786  signal: null
13 info lifecycle angular2-webpack-starter@6.0.0~start: Failed to exec start script
14 verbose stack Error: angular2-webpack-starter@6.0.0 start: `npm run server:dev`
14 verbose stack Exit status 3221225786
14 verbose stack     at EventEmitter.<anonymous> (C:\Program Files\nodejs\node_modules\npm\lib\utils\lifecycle.js:279:16)
14 verbose stack     at emitTwo (events.js:106:13)
14 verbose stack     at EventEmitter.emit (events.js:191:7)
14 verbose stack     at ChildProcess.<anonymous> (C:\Program Files\nodejs\node_modules\npm\lib\utils\spawn.js:40:14)
14 verbose stack     at emitTwo (events.js:106:13)
14 verbose stack     at ChildProcess.emit (events.js:191:7)
14 verbose stack     at maybeClose (internal/child_process.js:885:16)
14 verbose stack     at Process.ChildProcess._handle.onexit (internal/child_process.js:226:5)
15 verbose pkgid angular2-webpack-starter@6.0.0
16 verbose cwd D:\ENTORNO_LIMPIO\angular-starter-master
17 error Windows_NT 6.1.7601
18 error argv "C:\\Program Files\\nodejs\\node.exe" "C:\\Program Files\\nodejs\\node_modules\\npm\\bin\\npm-cli.js" "start"
19 error node v7.4.0
20 error npm  v4.0.5
21 error code ELIFECYCLE
22 error angular2-webpack-starter@6.0.0 start: `npm run server:dev`
22 error Exit status 3221225786
23 error Failed at the angular2-webpack-starter@6.0.0 start script 'npm run server:dev'.
23 error Make sure you have the latest version of node.js and npm installed.
23 error If you do, this is most likely a problem with the angular2-webpack-starter package,
23 error not with npm itself.
23 error Tell the author that this fails on your system:
23 error     npm run server:dev
23 error You can get information on how to open an issue for this project with:
23 error     npm bugs angular2-webpack-starter
23 error Or if that isn't available, you can get their info via:
23 error     npm owner ls angular2-webpack-starter
23 error There is likely additional logging output above.
24 verbose exit [ 1, true ]
